


ARM Macro Assembler    Page 1 


    1 00000000         ;*******************************************************
                       ************************
    2 00000000         ;* @file     startup_TLE987x.s
    3 00000000         ;* @brief    CMSIS Core Device Startup File for
    4 00000000         ;*           Infineon TLE987x Device Series
    5 00000000         ;* @version  V1.2
    6 00000000         ;* @date     28. Feb 2022
    7 00000000         ;*
    8 00000000         ;* Copyright (C) Infineon Technologies AG. All rights re
                       served.
    9 00000000         ;*
   10 00000000         ;*
   11 00000000         ;* @par
   12 00000000         ;* Infineon Technologies AG (Infineon) is supplying this
                        software for use with 
   13 00000000         ;* Infineon's microcontrollers.  This file can be freely
                        distributed
   14 00000000         ;* within development tools that are supporting such mic
                       rocontrollers.
   15 00000000         ;*
   16 00000000         ;* @par
   17 00000000         ;* THIS SOFTWARE IS PROVIDED AS IS.  NO WARRANTIES, WHET
                       HER EXPRESS, IMPLIED
   18 00000000         ;* OR STATUTORY, INCLUDING, BUT NOT LIMITED TO, IMPLIED 
                       WARRANTIES OF
   19 00000000         ;* MERCHANTABILITY AND FITNESS FOR A PARTICULAR PURPOSE 
                       APPLY TO THIS SOFTWARE.
   20 00000000         ;* ARM SHALL NOT, IN ANY CIRCUMSTANCES, BE LIABLE FOR SP
                       ECIAL, INCIDENTAL, OR
   21 00000000         ;* CONSEQUENTIAL DAMAGES, FOR ANY REASON WHATSOEVER.
   22 00000000         ;*
   23 00000000         ;*******************************************************
                       ***********************
   24 00000000         
   25 00000000         ;************************** Version History ************
                       ************************
   26 00000000         ; V1.0, Sep,  9, 2012 DM: initial version
   27 00000000         ; V1.1, Jan,  16 2019 JO: extended SVC_Handler and prepa
                       red it to call
   28 00000000         ;                         SVC_Handler_main which handles
                        the actual SVC
   29 00000000         ; V1.2, Feb,  28 2022 JO: EP-936: Updated copyright and 
                       branding
   30 00000000         ;*******************************************************
                       ************************
   31 00000000 00000200 
                       Stack_Size
                               EQU              0x200
   32 00000000         
   33 00000000                 AREA             STACK, NOINIT, READWRITE, ALIGN
=3
   34 00000000         Stack_Mem
                               SPACE            Stack_Size
   35 00000200         __initial_sp
   36 00000200         
   37 00000200         ; <h> Heap Configuration
   38 00000200         ;   <o>  Heap Size (in Bytes) <0x0-0xFFFFFFFF:8>
   39 00000200         ; </h>
   40 00000200         



ARM Macro Assembler    Page 2 


   41 00000200 00000000 
                       Heap_Size
                               EQU              0x00000000
   42 00000200         
   43 00000200                 AREA             HEAP, NOINIT, READWRITE, ALIGN=
3
   44 00000000         __heap_base
   45 00000000         Heap_Mem
                               SPACE            Heap_Size
   46 00000000         __heap_limit
   47 00000000         
   48 00000000                 THUMB
   49 00000000                 PRESERVE8
   50 00000000         
   51 00000000         
   52 00000000         ;*******************************************************
                       ************************
   53 00000000         ; Fill-up the Vector Table entries with the exceptions I
                       SR address
   54 00000000         ;*******************************************************
                       ************************
   55 00000000                 AREA             RESET, DATA, READONLY
   56 00000000                 EXPORT           __Vectors
   57 00000000                 EXPORT           __Vectors_End
   58 00000000                 EXPORT           __Vectors_Size
   59 00000000         
   60 00000000 00000000 
                       __Vectors
                               DCD              __initial_sp
   61 00000004 00000000        DCD              Reset_Handler
   62 00000008 00000000        DCD              NMI_Handler ; NMI Handler
   63 0000000C 00000000        DCD              HardFault_Handler ; Hard Fault 
                                                            Handler
   64 00000010 00000000        DCD              MemManage_Handler 
                                                            ; MPU Fault Handler
                                                            
   65 00000014 00000000        DCD              BusFault_Handler 
                                                            ; Bus Fault Handler
                                                            
   66 00000018 00000000        DCD              UsageFault_Handler ; Usage Faul
                                                            t Handler
   67 0000001C 00000000        DCD              0           ; Reserved
   68 00000020 00000000        DCD              0           ; Reserved
   69 00000024 00000000        DCD              0           ; Reserved
   70 00000028 00000000        DCD              0           ; Reserved
   71 0000002C 00000000        DCD              SVC_Handler ; SVCall Handler
   72 00000030 00000000        DCD              DebugMon_Handler ; Debug Monito
                                                            r Handler
   73 00000034 00000000        DCD              0           ; Reserved
   74 00000038 00000000        DCD              PendSV_Handler ; PendSV Handler
                                                            
   75 0000003C 00000000        DCD              SysTick_Handler 
                                                            ; SysTick Handler
   76 00000040         
   77 00000040         ; External Interrupts
   78 00000040 00000000        DCD              GPT1_IRQHandler ; 0:  GPT1
   79 00000044 00000000        DCD              GPT2_IRQHandler ; 1:  GPT2
   80 00000048 00000000        DCD              ADC2_IRQHandler ; 2:  Measureme
                                                            nt Unit, Timer3



ARM Macro Assembler    Page 3 


   81 0000004C 00000000        DCD              ADC1_IRQHandler 
                                                            ; 3:  10 bit ADC
   82 00000050 00000000        DCD              CCU6SR0_IRQHandler ; 4:  CCU0
   83 00000054 00000000        DCD              CCU6SR1_IRQHandler ; 5:  CCU1
   84 00000058 00000000        DCD              CCU6SR2_IRQHandler ; 6:  CCU2
   85 0000005C 00000000        DCD              CCU6SR3_IRQHandler ; 7:  CCU3
   86 00000060 00000000        DCD              SSC1_IRQHandler ; 8:  SSC1
   87 00000064 00000000        DCD              SSC2_IRQHandler ; 9:  SSC2
   88 00000068 00000000        DCD              UART1_IRQHandler ; 10: UART1
   89 0000006C 00000000        DCD              UART2_IRQHandler ; 11: UART2
   90 00000070 00000000        DCD              EXINT0_IRQHandler ; 12: EXINT0
   91 00000074 00000000        DCD              EXINT1_IRQHandler ; 13: EXINT1
   92 00000078 00000000        DCD              BDRV_IRQHandler ; 14: BDRV
   93 0000007C 00000000        DCD              DMA_IRQHandler ; 15: DMA
   94 00000080         __Vectors_End
   95 00000080         
   96 00000080 00000080 
                       __Vectors_Size
                               EQU              __Vectors_End - __Vectors
   97 00000080         
   98 00000080                 AREA             |.text|, CODE, READONLY
   99 00000000         
  100 00000000         ;-------------------------------------------------------
                       ------------------------
  101 00000000         ; Reset Handler
  102 00000000         ;
  103 00000000         Reset_Handler
                               PROC
  104 00000000                 EXPORT           Reset_Handler             [WEAK
]
  105 00000000                 IMPORT           SystemInit
  106 00000000                 IMPORT           __main
  107 00000000 480C            LDR              R0, =SystemInit
  108 00000002 4780            BLX              R0
  109 00000004 480C            LDR              R0, =__main
  110 00000006 4700            BX               R0
  111 00000008                 ENDP
  112 00000008         
  113 00000008         ;-------------------------------------------------------
                       ------------------------
  114 00000008         ; Dummy Exception Handlers (infinite loops which can be 
                       modified)                
  115 00000008         ;
  117 00000008         SVC_Handler_main
                               PROC
  118 00000008                 EXPORT           SVC_Handler_main            [WE
AK]
  119 00000008 E7FE            B                .
  120 0000000A                 ENDP
  121 0000000A         NMI_Handler
                               PROC
  122 0000000A                 EXPORT           NMI_Handler                [WEA
K]
  123 0000000A E7FE            B                .
  124 0000000C                 ENDP
  126 0000000C         HardFault_Handler
                               PROC
  127 0000000C                 EXPORT           HardFault_Handler          [WEA
K]



ARM Macro Assembler    Page 4 


  128 0000000C E7FE            B                .
  129 0000000E                 ENDP
  131 0000000E         MemManage_Handler
                               PROC
  132 0000000E                 EXPORT           MemManage_Handler          [WEA
K]
  133 0000000E E7FE            B                .
  134 00000010                 ENDP
  136 00000010         BusFault_Handler
                               PROC
  137 00000010                 EXPORT           BusFault_Handler           [WEA
K]
  138 00000010 E7FE            B                .
  139 00000012                 ENDP
  141 00000012         UsageFault_Handler
                               PROC
  142 00000012                 EXPORT           UsageFault_Handler         [WEA
K]
  143 00000012 E7FE            B                .
  144 00000014                 ENDP
  145 00000014         SVC_Handler
                               PROC
  146 00000014 2004            MOVS             R0, #4
  147 00000016 4671            MOV              R1, LR
  148 00000018 4208            TST              R0, R1
  149 0000001A D003            BEQ              stacking_used_MSP
  150 0000001C F3EF 8009       MRS              R0, PSP     ; first parameter -
                                                             stacking was using
                                                             PSP
  151 00000020 4906            LDR              R1, =SVC_Handler_main
  152 00000022 4708            BX               R1
  153 00000024         stacking_used_MSP
  154 00000024 F3EF 8008       MRS              R0, MSP     ; first parameter -
                                                             stacking was using
                                                             MSP
  155 00000028 4904            LDR              R1, =SVC_Handler_main
  156 0000002A 4708            BX               R1
  157 0000002C                 ENDP
  159 0000002C         DebugMon_Handler
                               PROC
  160 0000002C                 EXPORT           DebugMon_Handler           [WEA
K]
  161 0000002C E7FE            B                .
  162 0000002E                 ENDP
  163 0000002E         PendSV_Handler
                               PROC
  164 0000002E                 EXPORT           PendSV_Handler             [WEA
K]
  165 0000002E E7FE            B                .
  166 00000030                 ENDP
  167 00000030         SysTick_Handler
                               PROC
  168 00000030                 EXPORT           SysTick_Handler            [WEA
K]
  169 00000030 E7FE            B                .
  170 00000032                 ENDP
  171 00000032         
  172 00000032         Default_Handler
                               PROC



ARM Macro Assembler    Page 5 


  173 00000032                 EXPORT           GPT1_IRQHandler            [WEA
K]
  174 00000032                 EXPORT           GPT2_IRQHandler            [WEA
K]
  175 00000032                 EXPORT           ADC2_IRQHandler            [WEA
K]
  176 00000032                 EXPORT           ADC1_IRQHandler            [WEA
K]
  177 00000032                 EXPORT           CCU6SR0_IRQHandler         [WEA
K]
  178 00000032                 EXPORT           CCU6SR1_IRQHandler         [WEA
K]
  179 00000032                 EXPORT           CCU6SR2_IRQHandler         [WEA
K]
  180 00000032                 EXPORT           CCU6SR3_IRQHandler         [WEA
K]
  181 00000032                 EXPORT           SSC1_IRQHandler            [WEA
K]
  182 00000032                 EXPORT           SSC2_IRQHandler            [WEA
K]
  183 00000032                 EXPORT           UART1_IRQHandler           [WEA
K]
  184 00000032                 EXPORT           UART2_IRQHandler           [WEA
K]
  185 00000032                 EXPORT           EXINT0_IRQHandler          [WEA
K]
  186 00000032                 EXPORT           EXINT1_IRQHandler          [WEA
K]
  187 00000032                 EXPORT           BDRV_IRQHandler            [WEA
K]
  188 00000032                 EXPORT           DMA_IRQHandler             [WEA
K]
  189 00000032         GPT1_IRQHandler
  190 00000032         GPT2_IRQHandler
  191 00000032         ADC2_IRQHandler
  192 00000032         ADC1_IRQHandler
  193 00000032         CCU6SR0_IRQHandler
  194 00000032         CCU6SR1_IRQHandler
  195 00000032         CCU6SR2_IRQHandler
  196 00000032         CCU6SR3_IRQHandler
  197 00000032         SSC1_IRQHandler
  198 00000032         SSC2_IRQHandler
  199 00000032         UART1_IRQHandler
  200 00000032         UART2_IRQHandler
  201 00000032         EXINT0_IRQHandler
  202 00000032         EXINT1_IRQHandler
  203 00000032         BDRV_IRQHandler
  204 00000032         DMA_IRQHandler
  205 00000032 E7FE            B                .
  206 00000034                 ENDP
  207 00000034         
  208 00000034         ;-------------------------------------------------------
                       ------------------------
  209 00000034         ; User Initial Stack & Heap
  210 00000034         ;
  211 00000034                 IF               :DEF:__MICROLIB
  212 00000034         
  213 00000034                 EXPORT           __initial_sp
  214 00000034                 EXPORT           __heap_base



ARM Macro Assembler    Page 6 


  215 00000034                 EXPORT           __heap_limit
  216 00000034         
  217 00000034                 ELSE
  231                          ENDIF
  232 00000034         
  233 00000034                 END
              00000000 
              00000000 
              00000000 
Command Line: --debug --xref --diag_suppress=9931 --cpu=Cortex-M3 --depend=.\ob
jects\startup_tle987x.d -o.\objects\startup_tle987x.o -I.\RTE\Device\TLE9879QXA
40 -I.\RTE\_TLE9879_EvalKit -IC:\Users\AdithyaS\AppData\Local\Arm\Packs\ARM\CMS
IS\5.8.0\CMSIS\Core\Include -IC:\Users\AdithyaS\AppData\Local\Arm\Packs\Infineo
n\TLE987x_DFP\1.6.0\Device\Include --predefine="__MICROLIB SETA 1" --predefine=
"__UVISION_VERSION SETA 536" --predefine="_RTE_ SETA 1" --predefine="TLE9879QXA
40 SETA 1" --predefine="_RTE_ SETA 1" --list=.\listings\startup_tle987x.lst RTE
\Device\TLE9879QXA40\startup_tle987x.S



ARM Macro Assembler    Page 1 Alphabetic symbol ordering
Relocatable symbols

STACK 00000000

Symbol: STACK
   Definitions
      At line 33 in file RTE\Device\TLE9879QXA40\startup_tle987x.S
   Uses
      None
Comment: STACK unused
Stack_Mem 00000000

Symbol: Stack_Mem
   Definitions
      At line 34 in file RTE\Device\TLE9879QXA40\startup_tle987x.S
   Uses
      None
Comment: Stack_Mem unused
__initial_sp 00000200

Symbol: __initial_sp
   Definitions
      At line 35 in file RTE\Device\TLE9879QXA40\startup_tle987x.S
   Uses
      At line 60 in file RTE\Device\TLE9879QXA40\startup_tle987x.S
      At line 213 in file RTE\Device\TLE9879QXA40\startup_tle987x.S

3 symbols



ARM Macro Assembler    Page 1 Alphabetic symbol ordering
Relocatable symbols

HEAP 00000000

Symbol: HEAP
   Definitions
      At line 43 in file RTE\Device\TLE9879QXA40\startup_tle987x.S
   Uses
      None
Comment: HEAP unused
Heap_Mem 00000000

Symbol: Heap_Mem
   Definitions
      At line 45 in file RTE\Device\TLE9879QXA40\startup_tle987x.S
   Uses
      None
Comment: Heap_Mem unused
__heap_base 00000000

Symbol: __heap_base
   Definitions
      At line 44 in file RTE\Device\TLE9879QXA40\startup_tle987x.S
   Uses
      At line 214 in file RTE\Device\TLE9879QXA40\startup_tle987x.S
Comment: __heap_base used once
__heap_limit 00000000

Symbol: __heap_limit
   Definitions
      At line 46 in file RTE\Device\TLE9879QXA40\startup_tle987x.S
   Uses
      At line 215 in file RTE\Device\TLE9879QXA40\startup_tle987x.S
Comment: __heap_limit used once
4 symbols



ARM Macro Assembler    Page 1 Alphabetic symbol ordering
Relocatable symbols

RESET 00000000

Symbol: RESET
   Definitions
      At line 55 in file RTE\Device\TLE9879QXA40\startup_tle987x.S
   Uses
      None
Comment: RESET unused
__Vectors 00000000

Symbol: __Vectors
   Definitions
      At line 60 in file RTE\Device\TLE9879QXA40\startup_tle987x.S
   Uses
      At line 56 in file RTE\Device\TLE9879QXA40\startup_tle987x.S
      At line 96 in file RTE\Device\TLE9879QXA40\startup_tle987x.S

__Vectors_End 00000080

Symbol: __Vectors_End
   Definitions
      At line 94 in file RTE\Device\TLE9879QXA40\startup_tle987x.S
   Uses
      At line 57 in file RTE\Device\TLE9879QXA40\startup_tle987x.S
      At line 96 in file RTE\Device\TLE9879QXA40\startup_tle987x.S

3 symbols



ARM Macro Assembler    Page 1 Alphabetic symbol ordering
Relocatable symbols

.text 00000000

Symbol: .text
   Definitions
      At line 98 in file RTE\Device\TLE9879QXA40\startup_tle987x.S
   Uses
      None
Comment: .text unused
ADC1_IRQHandler 00000032

Symbol: ADC1_IRQHandler
   Definitions
      At line 192 in file RTE\Device\TLE9879QXA40\startup_tle987x.S
   Uses
      At line 81 in file RTE\Device\TLE9879QXA40\startup_tle987x.S
      At line 176 in file RTE\Device\TLE9879QXA40\startup_tle987x.S

ADC2_IRQHandler 00000032

Symbol: ADC2_IRQHandler
   Definitions
      At line 191 in file RTE\Device\TLE9879QXA40\startup_tle987x.S
   Uses
      At line 80 in file RTE\Device\TLE9879QXA40\startup_tle987x.S
      At line 175 in file RTE\Device\TLE9879QXA40\startup_tle987x.S

BDRV_IRQHandler 00000032

Symbol: BDRV_IRQHandler
   Definitions
      At line 203 in file RTE\Device\TLE9879QXA40\startup_tle987x.S
   Uses
      At line 92 in file RTE\Device\TLE9879QXA40\startup_tle987x.S
      At line 187 in file RTE\Device\TLE9879QXA40\startup_tle987x.S

BusFault_Handler 00000010

Symbol: BusFault_Handler
   Definitions
      At line 136 in file RTE\Device\TLE9879QXA40\startup_tle987x.S
   Uses
      At line 65 in file RTE\Device\TLE9879QXA40\startup_tle987x.S
      At line 137 in file RTE\Device\TLE9879QXA40\startup_tle987x.S

CCU6SR0_IRQHandler 00000032

Symbol: CCU6SR0_IRQHandler
   Definitions
      At line 193 in file RTE\Device\TLE9879QXA40\startup_tle987x.S
   Uses
      At line 82 in file RTE\Device\TLE9879QXA40\startup_tle987x.S
      At line 177 in file RTE\Device\TLE9879QXA40\startup_tle987x.S

CCU6SR1_IRQHandler 00000032

Symbol: CCU6SR1_IRQHandler
   Definitions
      At line 194 in file RTE\Device\TLE9879QXA40\startup_tle987x.S
   Uses



ARM Macro Assembler    Page 2 Alphabetic symbol ordering
Relocatable symbols

      At line 83 in file RTE\Device\TLE9879QXA40\startup_tle987x.S
      At line 178 in file RTE\Device\TLE9879QXA40\startup_tle987x.S

CCU6SR2_IRQHandler 00000032

Symbol: CCU6SR2_IRQHandler
   Definitions
      At line 195 in file RTE\Device\TLE9879QXA40\startup_tle987x.S
   Uses
      At line 84 in file RTE\Device\TLE9879QXA40\startup_tle987x.S
      At line 179 in file RTE\Device\TLE9879QXA40\startup_tle987x.S

CCU6SR3_IRQHandler 00000032

Symbol: CCU6SR3_IRQHandler
   Definitions
      At line 196 in file RTE\Device\TLE9879QXA40\startup_tle987x.S
   Uses
      At line 85 in file RTE\Device\TLE9879QXA40\startup_tle987x.S
      At line 180 in file RTE\Device\TLE9879QXA40\startup_tle987x.S

DMA_IRQHandler 00000032

Symbol: DMA_IRQHandler
   Definitions
      At line 204 in file RTE\Device\TLE9879QXA40\startup_tle987x.S
   Uses
      At line 93 in file RTE\Device\TLE9879QXA40\startup_tle987x.S
      At line 188 in file RTE\Device\TLE9879QXA40\startup_tle987x.S

DebugMon_Handler 0000002C

Symbol: DebugMon_Handler
   Definitions
      At line 159 in file RTE\Device\TLE9879QXA40\startup_tle987x.S
   Uses
      At line 72 in file RTE\Device\TLE9879QXA40\startup_tle987x.S
      At line 160 in file RTE\Device\TLE9879QXA40\startup_tle987x.S

Default_Handler 00000032

Symbol: Default_Handler
   Definitions
      At line 172 in file RTE\Device\TLE9879QXA40\startup_tle987x.S
   Uses
      None
Comment: Default_Handler unused
EXINT0_IRQHandler 00000032

Symbol: EXINT0_IRQHandler
   Definitions
      At line 201 in file RTE\Device\TLE9879QXA40\startup_tle987x.S
   Uses
      At line 90 in file RTE\Device\TLE9879QXA40\startup_tle987x.S
      At line 185 in file RTE\Device\TLE9879QXA40\startup_tle987x.S

EXINT1_IRQHandler 00000032

Symbol: EXINT1_IRQHandler



ARM Macro Assembler    Page 3 Alphabetic symbol ordering
Relocatable symbols

   Definitions
      At line 202 in file RTE\Device\TLE9879QXA40\startup_tle987x.S
   Uses
      At line 91 in file RTE\Device\TLE9879QXA40\startup_tle987x.S
      At line 186 in file RTE\Device\TLE9879QXA40\startup_tle987x.S

GPT1_IRQHandler 00000032

Symbol: GPT1_IRQHandler
   Definitions
      At line 189 in file RTE\Device\TLE9879QXA40\startup_tle987x.S
   Uses
      At line 78 in file RTE\Device\TLE9879QXA40\startup_tle987x.S
      At line 173 in file RTE\Device\TLE9879QXA40\startup_tle987x.S

GPT2_IRQHandler 00000032

Symbol: GPT2_IRQHandler
   Definitions
      At line 190 in file RTE\Device\TLE9879QXA40\startup_tle987x.S
   Uses
      At line 79 in file RTE\Device\TLE9879QXA40\startup_tle987x.S
      At line 174 in file RTE\Device\TLE9879QXA40\startup_tle987x.S

HardFault_Handler 0000000C

Symbol: HardFault_Handler
   Definitions
      At line 126 in file RTE\Device\TLE9879QXA40\startup_tle987x.S
   Uses
      At line 63 in file RTE\Device\TLE9879QXA40\startup_tle987x.S
      At line 127 in file RTE\Device\TLE9879QXA40\startup_tle987x.S

MemManage_Handler 0000000E

Symbol: MemManage_Handler
   Definitions
      At line 131 in file RTE\Device\TLE9879QXA40\startup_tle987x.S
   Uses
      At line 64 in file RTE\Device\TLE9879QXA40\startup_tle987x.S
      At line 132 in file RTE\Device\TLE9879QXA40\startup_tle987x.S

NMI_Handler 0000000A

Symbol: NMI_Handler
   Definitions
      At line 121 in file RTE\Device\TLE9879QXA40\startup_tle987x.S
   Uses
      At line 62 in file RTE\Device\TLE9879QXA40\startup_tle987x.S
      At line 122 in file RTE\Device\TLE9879QXA40\startup_tle987x.S

PendSV_Handler 0000002E

Symbol: PendSV_Handler
   Definitions
      At line 163 in file RTE\Device\TLE9879QXA40\startup_tle987x.S
   Uses
      At line 74 in file RTE\Device\TLE9879QXA40\startup_tle987x.S
      At line 164 in file RTE\Device\TLE9879QXA40\startup_tle987x.S



ARM Macro Assembler    Page 4 Alphabetic symbol ordering
Relocatable symbols


Reset_Handler 00000000

Symbol: Reset_Handler
   Definitions
      At line 103 in file RTE\Device\TLE9879QXA40\startup_tle987x.S
   Uses
      At line 61 in file RTE\Device\TLE9879QXA40\startup_tle987x.S
      At line 104 in file RTE\Device\TLE9879QXA40\startup_tle987x.S

SSC1_IRQHandler 00000032

Symbol: SSC1_IRQHandler
   Definitions
      At line 197 in file RTE\Device\TLE9879QXA40\startup_tle987x.S
   Uses
      At line 86 in file RTE\Device\TLE9879QXA40\startup_tle987x.S
      At line 181 in file RTE\Device\TLE9879QXA40\startup_tle987x.S

SSC2_IRQHandler 00000032

Symbol: SSC2_IRQHandler
   Definitions
      At line 198 in file RTE\Device\TLE9879QXA40\startup_tle987x.S
   Uses
      At line 87 in file RTE\Device\TLE9879QXA40\startup_tle987x.S
      At line 182 in file RTE\Device\TLE9879QXA40\startup_tle987x.S

SVC_Handler 00000014

Symbol: SVC_Handler
   Definitions
      At line 145 in file RTE\Device\TLE9879QXA40\startup_tle987x.S
   Uses
      At line 71 in file RTE\Device\TLE9879QXA40\startup_tle987x.S
Comment: SVC_Handler used once
SVC_Handler_main 00000008

Symbol: SVC_Handler_main
   Definitions
      At line 117 in file RTE\Device\TLE9879QXA40\startup_tle987x.S
   Uses
      At line 118 in file RTE\Device\TLE9879QXA40\startup_tle987x.S
      At line 151 in file RTE\Device\TLE9879QXA40\startup_tle987x.S
      At line 155 in file RTE\Device\TLE9879QXA40\startup_tle987x.S

SysTick_Handler 00000030

Symbol: SysTick_Handler
   Definitions
      At line 167 in file RTE\Device\TLE9879QXA40\startup_tle987x.S
   Uses
      At line 75 in file RTE\Device\TLE9879QXA40\startup_tle987x.S
      At line 168 in file RTE\Device\TLE9879QXA40\startup_tle987x.S

UART1_IRQHandler 00000032

Symbol: UART1_IRQHandler
   Definitions



ARM Macro Assembler    Page 5 Alphabetic symbol ordering
Relocatable symbols

      At line 199 in file RTE\Device\TLE9879QXA40\startup_tle987x.S
   Uses
      At line 88 in file RTE\Device\TLE9879QXA40\startup_tle987x.S
      At line 183 in file RTE\Device\TLE9879QXA40\startup_tle987x.S

UART2_IRQHandler 00000032

Symbol: UART2_IRQHandler
   Definitions
      At line 200 in file RTE\Device\TLE9879QXA40\startup_tle987x.S
   Uses
      At line 89 in file RTE\Device\TLE9879QXA40\startup_tle987x.S
      At line 184 in file RTE\Device\TLE9879QXA40\startup_tle987x.S

UsageFault_Handler 00000012

Symbol: UsageFault_Handler
   Definitions
      At line 141 in file RTE\Device\TLE9879QXA40\startup_tle987x.S
   Uses
      At line 66 in file RTE\Device\TLE9879QXA40\startup_tle987x.S
      At line 142 in file RTE\Device\TLE9879QXA40\startup_tle987x.S

stacking_used_MSP 00000024

Symbol: stacking_used_MSP
   Definitions
      At line 153 in file RTE\Device\TLE9879QXA40\startup_tle987x.S
   Uses
      At line 149 in file RTE\Device\TLE9879QXA40\startup_tle987x.S
Comment: stacking_used_MSP used once
30 symbols



ARM Macro Assembler    Page 1 Alphabetic symbol ordering
Absolute symbols

Heap_Size 00000000

Symbol: Heap_Size
   Definitions
      At line 41 in file RTE\Device\TLE9879QXA40\startup_tle987x.S
   Uses
      At line 45 in file RTE\Device\TLE9879QXA40\startup_tle987x.S
Comment: Heap_Size used once
Stack_Size 00000200

Symbol: Stack_Size
   Definitions
      At line 31 in file RTE\Device\TLE9879QXA40\startup_tle987x.S
   Uses
      At line 34 in file RTE\Device\TLE9879QXA40\startup_tle987x.S
Comment: Stack_Size used once
__Vectors_Size 00000080

Symbol: __Vectors_Size
   Definitions
      At line 96 in file RTE\Device\TLE9879QXA40\startup_tle987x.S
   Uses
      At line 58 in file RTE\Device\TLE9879QXA40\startup_tle987x.S
Comment: __Vectors_Size used once
3 symbols



ARM Macro Assembler    Page 1 Alphabetic symbol ordering
External symbols

SystemInit 00000000

Symbol: SystemInit
   Definitions
      At line 105 in file RTE\Device\TLE9879QXA40\startup_tle987x.S
   Uses
      At line 107 in file RTE\Device\TLE9879QXA40\startup_tle987x.S
Comment: SystemInit used once
__main 00000000

Symbol: __main
   Definitions
      At line 106 in file RTE\Device\TLE9879QXA40\startup_tle987x.S
   Uses
      At line 109 in file RTE\Device\TLE9879QXA40\startup_tle987x.S
Comment: __main used once
2 symbols
381 symbols in table
